[PREINITIALIZATION][CLIENT][INFO] Thank you to the Patreon supporters below and others who make CraftTweaker possible!
Pongo Sapiens
NerdyWhiteGuy
Belathus
Jessie Sims
Hooley
Peregrinus11
Quaternary
Zuniroa
AdaraChristine
Phillip Swearingain
Ncc1702
Luvely
Spencer Gilbert
SquidDev
Ivy_
DreamThorn
BrГѓВёnsted
Genryu
Riley
WaterMoon
If you want to support the mod, checkout https://patreon.com/jaredlll08?s=crtmod

[PREINITIALIZATION][CLIENT][INFO] Current loaders after merging: [[preinit]]
[PREINITIALIZATION][CLIENT][INFO] Loading scripts for loader with names [preinit]
[PREINITIALIZATION][CLIENT][INFO] [preinit | SIDE_CLIENT]: Skipping file {[0:crafttweaker]: recipetweak.zs} as we are currently loading with a different loader
[PREINITIALIZATION][CLIENT][INFO] Completed script loading in: 2ms
[INITIALIZATION][CLIENT][INFO] CraftTweaker: Building registry
[INITIALIZATION][CLIENT][INFO] CraftTweaker: Successfully built item registry
[INITIALIZATION][CLIENT][INFO] Current loaders after merging: [[preinit], [recipeevent | crafttweaker]]
[INITIALIZATION][CLIENT][INFO] Loading scripts for loader with names [crafttweaker | recipeevent]
[INITIALIZATION][CLIENT][INFO] [crafttweaker | SIDE_CLIENT]: Loading Script: {[0:crafttweaker]: recipetweak.zs}
[INITIALIZATION][CLIENT][INFO] Test launch
[INITIALIZATION][CLIENT][INFO] Completed script loading in: 385ms
[POSTINITIALIZATION][CLIENT][INFO] Removing recipes for various outputs
[POSTINITIALIZATION][CLIENT][INFO] Adding shaped recipe for Draconic Core with name CTDraconicCore
[POSTINITIALIZATION][CLIENT][INFO] Adding shaped recipe for Wyvern Helm with name CTWyvernHelmet
[POSTINITIALIZATION][CLIENT][INFO] Adding shaped recipe for Wyvern Chestplate with name CTWyvernChest
[POSTINITIALIZATION][CLIENT][INFO] Adding shaped recipe for Wyvern Leggings with name CTWyvernLeggings
[POSTINITIALIZATION][CLIENT][INFO] Adding shaped recipe for Wyvern Boots with name CTWyvernBoots
[POSTINITIALIZATION][CLIENT][INFO] Applying MrCrayfish's Furniture Mod changes...
[AVAILABLE][CLIENT][INFO] Fixed the RecipeBook
